# JRE version: Java(TM) SE Runtime Environment (8.0_111-b14) (build 1.8.0_111-b14)
# Java VM: Java HotSpot(TM) Client VM (25.111-b14 mixed mode windows-x86 )
Heap:
 def new generation   total 12416K, used 7575K [0x03c00000, 0x04970000, 0x19150000)
  eden space 11072K,  59% used [0x03c00000, 0x0427b750, 0x046d0000)
  from space 1344K,  69% used [0x04820000, 0x0490a7d8, 0x04970000)
  to   space 1344K,   0% used [0x046d0000, 0x046d0000, 0x04820000)
 tenured generation   total 27268K, used 23471K [0x19150000, 0x1abf1000, 0x43c00000)
   the space 27268K,  86% used [0x19150000, 0x1a83bc30, 0x1a83be00, 0x1abf1000)
 Metaspace       used 30702K, capacity 31519K, committed 31616K, reserved 32128K
GC Heap History (10 events):
Event: 14.084 GC heap before
{Heap before GC invocations=96 (full 3):
 def new generation   total 12416K, used 11742K [0x03c00000, 0x04970000, 0x19150000)
  eden space 11072K,  99% used [0x03c00000, 0x046c90f8, 0x046d0000)
  from space 1344K,  51% used [0x046d0000, 0x0477e8b8, 0x04820000)
  to   space 1344K,   0% used [0x04820000, 0x04820000, 0x04970000)
 tenured generation   total 27268K, used 21748K [0x19150000, 0x1abf1000, 0x43c00000)
   the space 27268K,  79% used [0x19150000, 0x1a68d290, 0x1a68d400, 0x1abf1000)
 Metaspace       used 28050K, capacity 28582K, committed 28672K, reserved 29056K
Event: 14.088 GC heap after
Heap after GC invocations=97 (full 3):
 def new generation   total 12416K, used 757K [0x03c00000, 0x04970000, 0x19150000)
  eden space 11072K,   0% used [0x03c00000, 0x03c00000, 0x046d0000)
  from space 1344K,  56% used [0x04820000, 0x048dd608, 0x04970000)
  to   space 1344K,   0% used [0x046d0000, 0x046d0000, 0x04820000)
 tenured generation   total 27268K, used 21767K [0x19150000, 0x1abf1000, 0x43c00000)
   the space 27268K,  79% used [0x19150000, 0x1a691e88, 0x1a692000, 0x1abf1000)
 Metaspace       used 28050K, capacity 28582K, committed 28672K, reserved 29056K
}
Event: 14.279 GC heap before
{Heap before GC invocations=97 (full 3):
 def new generation   total 12416K, used 11829K [0x03c00000, 0x04970000, 0x19150000)
  eden space 11072K, 100% used [0x03c00000, 0x046d0000, 0x046d0000)
  from space 1344K,  56% used [0x04820000, 0x048dd608, 0x04970000)
  to   space 1344K,   0% used [0x046d0000, 0x046d0000, 0x04820000)
 tenured generation   total 27268K, used 21767K [0x19150000, 0x1abf1000, 0x43c00000)
   the space 27268K,  79% used [0x19150000, 0x1a691e88, 0x1a692000, 0x1abf1000)
 Metaspace       used 28736K, capacity 29320K, committed 29440K, reserved 30080K
Event: 14.286 GC heap after
Heap after GC invocations=98 (full 3):
 def new generation   total 12416K, used 1209K [0x03c00000, 0x04970000, 0x19150000)
  eden space 11072K,   0% used [0x03c00000, 0x03c00000, 0x046d0000)
  from space 1344K,  90% used [0x046d0000, 0x047fe698, 0x04820000)
  to   space 1344K,   0% used [0x04820000, 0x04820000, 0x04970000)
 tenured generation   total 27268K, used 21779K [0x19150000, 0x1abf1000, 0x43c00000)
   the space 27268K,  79% used [0x19150000, 0x1a694dd0, 0x1a694e00, 0x1abf1000)
 Metaspace       used 28736K, capacity 29320K, committed 29440K, reserved 30080K
}
Event: 14.488 GC heap before
{Heap before GC invocations=98 (full 3):
 def new generation   total 12416K, used 12281K [0x03c00000, 0x04970000, 0x19150000)
  eden space 11072K, 100% used [0x03c00000, 0x046d0000, 0x046d0000)
  from space 1344K,  90% used [0x046d0000, 0x047fe698, 0x04820000)
  to   space 1344K,   0% used [0x04820000, 0x04820000, 0x04970000)
 tenured generation   total 27268K, used 21779K [0x19150000, 0x1abf1000, 0x43c00000)
   the space 27268K,  79% used [0x19150000, 0x1a694dd0, 0x1a694e00, 0x1abf1000)
 Metaspace       used 29397K, capacity 30085K, committed 30208K, reserved 31104K
Event: 14.496 GC heap after
Heap after GC invocations=99 (full 3):
 def new generation   total 12416K, used 1296K [0x03c00000, 0x04970000, 0x19150000)
  eden space 11072K,   0% used [0x03c00000, 0x03c00000, 0x046d0000)
  from space 1344K,  96% used [0x04820000, 0x04964090, 0x04970000)
  to   space 1344K,   0% used [0x046d0000, 0x046d0000, 0x04820000)
 tenured generation   total 27268K, used 22215K [0x19150000, 0x1abf1000, 0x43c00000)
   the space 27268K,  81% used [0x19150000, 0x1a701db0, 0x1a701e00, 0x1abf1000)
 Metaspace       used 29397K, capacity 30085K, committed 30208K, reserved 31104K
}
Event: 14.674 GC heap before
{Heap before GC invocations=99 (full 3):
 def new generation   total 12416K, used 12368K [0x03c00000, 0x04970000, 0x19150000)
  eden space 11072K, 100% used [0x03c00000, 0x046d0000, 0x046d0000)
  from space 1344K,  96% used [0x04820000, 0x04964090, 0x04970000)
  to   space 1344K,   0% used [0x046d0000, 0x046d0000, 0x04820000)
 tenured generation   total 27268K, used 22215K [0x19150000, 0x1abf1000, 0x43c00000)
   the space 27268K,  81% used [0x19150000, 0x1a701db0, 0x1a701e00, 0x1abf1000)
 Metaspace       used 29968K, capacity 30737K, committed 30848K, reserved 31104K
Event: 14.683 GC heap after
Heap after GC invocations=100 (full 3):
 def new generation   total 12416K, used 1195K [0x03c00000, 0x04970000, 0x19150000)
  eden space 11072K,   0% used [0x03c00000, 0x03c00000, 0x046d0000)
  from space 1344K,  88% used [0x046d0000, 0x047fac18, 0x04820000)
  to   space 1344K,   0% used [0x04820000, 0x04820000, 0x04970000)
 tenured generation   total 27268K, used 22843K [0x19150000, 0x1abf1000, 0x43c00000)
   the space 27268K,  83% used [0x19150000, 0x1a79eff0, 0x1a79f000, 0x1abf1000)
 Metaspace       used 29968K, capacity 30737K, committed 30848K, reserved 31104K
}
Event: 14.841 GC heap before
{Heap before GC invocations=100 (full 3):
 def new generation   total 12416K, used 12267K [0x03c00000, 0x04970000, 0x19150000)
  eden space 11072K, 100% used [0x03c00000, 0x046d0000, 0x046d0000)
  from space 1344K,  88% used [0x046d0000, 0x047fac18, 0x04820000)
  to   space 1344K,   0% used [0x04820000, 0x04820000, 0x04970000)
 tenured generation   total 27268K, used 22843K [0x19150000, 0x1abf1000, 0x43c00000)
   the space 27268K,  83% used [0x19150000, 0x1a79eff0, 0x1a79f000, 0x1abf1000)
 Metaspace       used 30479K, capacity 31270K, committed 31360K, reserved 32128K
Event: 14.850 GC heap after
Heap after GC invocations=101 (full 3):
 def new generation   total 12416K, used 937K [0x03c00000, 0x04970000, 0x19150000)
  eden space 11072K,   0% used [0x03c00000, 0x03c00000, 0x046d0000)
  from space 1344K,  69% used [0x04820000, 0x0490a7d8, 0x04970000)
  to   space 1344K,   0% used [0x046d0000, 0x046d0000, 0x04820000)
 tenured generation   total 27268K, used 23471K [0x19150000, 0x1abf1000, 0x43c00000)
   the space 27268K,  86% used [0x19150000, 0x1a83bc30, 0x1a83be00, 0x1abf1000)
 Metaspace       used 30479K, capacity 31270K, committed 31360K, reserved 32128K
}

