# JRE version: Java(TM) SE Runtime Environment (8.0_111-b14) (build 1.8.0_111-b14)
# Java VM: Java HotSpot(TM) Client VM (25.111-b14 mixed mode windows-x86 )
Heap:
 def new generation   total 11520K, used 10452K [0x03c00000, 0x04880000, 0x19150000)
  eden space 10240K,  92% used [0x03c00000, 0x04541350, 0x04600000)
  from space 1280K,  76% used [0x04600000, 0x046f3ff0, 0x04740000)
  to   space 1280K,   0% used [0x04740000, 0x04740000, 0x04880000)
 tenured generation   total 25420K, used 22079K [0x19150000, 0x1aa23000, 0x43c00000)
   the space 25420K,  86% used [0x19150000, 0x1a6dfd78, 0x1a6dfe00, 0x1aa23000)
 Metaspace       used 30732K, capacity 31549K, committed 31616K, reserved 32128K
GC Heap History (10 events):
Event: 20.427 GC heap before
{Heap before GC invocations=98 (full 3):
 def new generation   total 11520K, used 10792K [0x03c00000, 0x04880000, 0x19150000)
  eden space 10240K, 100% used [0x03c00000, 0x04600000, 0x04600000)
  from space 1280K,  43% used [0x04740000, 0x047ca258, 0x04880000)
  to   space 1280K,   0% used [0x04600000, 0x04600000, 0x04740000)
 tenured generation   total 25420K, used 20442K [0x19150000, 0x1aa23000, 0x43c00000)
   the space 25420K,  80% used [0x19150000, 0x1a546a88, 0x1a546c00, 0x1aa23000)
 Metaspace       used 28141K, capacity 28651K, committed 28800K, reserved 29056K
Event: 20.430 GC heap after
Heap after GC invocations=99 (full 3):
 def new generation   total 11520K, used 670K [0x03c00000, 0x04880000, 0x19150000)
  eden space 10240K,   0% used [0x03c00000, 0x03c00000, 0x04600000)
  from space 1280K,  52% used [0x04600000, 0x046a78f8, 0x04740000)
  to   space 1280K,   0% used [0x04740000, 0x04740000, 0x04880000)
 tenured generation   total 25420K, used 20442K [0x19150000, 0x1aa23000, 0x43c00000)
   the space 25420K,  80% used [0x19150000, 0x1a546a88, 0x1a546c00, 0x1aa23000)
 Metaspace       used 28141K, capacity 28651K, committed 28800K, reserved 29056K
}
Event: 20.617 GC heap before
{Heap before GC invocations=99 (full 3):
 def new generation   total 11520K, used 10910K [0x03c00000, 0x04880000, 0x19150000)
  eden space 10240K, 100% used [0x03c00000, 0x04600000, 0x04600000)
  from space 1280K,  52% used [0x04600000, 0x046a78f8, 0x04740000)
  to   space 1280K,   0% used [0x04740000, 0x04740000, 0x04880000)
 tenured generation   total 25420K, used 20442K [0x19150000, 0x1aa23000, 0x43c00000)
   the space 25420K,  80% used [0x19150000, 0x1a546a88, 0x1a546c00, 0x1aa23000)
 Metaspace       used 28547K, capacity 29120K, committed 29184K, reserved 30080K
Event: 20.623 GC heap after
Heap after GC invocations=100 (full 3):
 def new generation   total 11520K, used 960K [0x03c00000, 0x04880000, 0x19150000)
  eden space 10240K,   0% used [0x03c00000, 0x03c00000, 0x04600000)
  from space 1280K,  75% used [0x04740000, 0x048301e0, 0x04880000)
  to   space 1280K,   0% used [0x04600000, 0x04600000, 0x04740000)
 tenured generation   total 25420K, used 20464K [0x19150000, 0x1aa23000, 0x43c00000)
   the space 25420K,  80% used [0x19150000, 0x1a54c278, 0x1a54c400, 0x1aa23000)
 Metaspace       used 28547K, capacity 29120K, committed 29184K, reserved 30080K
}
Event: 20.925 GC heap before
{Heap before GC invocations=100 (full 3):
 def new generation   total 11520K, used 11200K [0x03c00000, 0x04880000, 0x19150000)
  eden space 10240K, 100% used [0x03c00000, 0x04600000, 0x04600000)
  from space 1280K,  75% used [0x04740000, 0x048301e0, 0x04880000)
  to   space 1280K,   0% used [0x04600000, 0x04600000, 0x04740000)
 tenured generation   total 25420K, used 20464K [0x19150000, 0x1aa23000, 0x43c00000)
   the space 25420K,  80% used [0x19150000, 0x1a54c278, 0x1a54c400, 0x1aa23000)
 Metaspace       used 29339K, capacity 30007K, committed 30080K, reserved 30080K
Event: 20.934 GC heap after
Heap after GC invocations=101 (full 3):
 def new generation   total 11520K, used 1279K [0x03c00000, 0x04880000, 0x19150000)
  eden space 10240K,   0% used [0x03c00000, 0x03c00000, 0x04600000)
  from space 1280K,  99% used [0x04600000, 0x0473ff38, 0x04740000)
  to   space 1280K,   0% used [0x04740000, 0x04740000, 0x04880000)
 tenured generation   total 25420K, used 20924K [0x19150000, 0x1aa23000, 0x43c00000)
   the space 25420K,  82% used [0x19150000, 0x1a5bf138, 0x1a5bf200, 0x1aa23000)
 Metaspace       used 29339K, capacity 30007K, committed 30080K, reserved 30080K
}
Event: 21.145 GC heap before
{Heap before GC invocations=101 (full 3):
 def new generation   total 11520K, used 11519K [0x03c00000, 0x04880000, 0x19150000)
  eden space 10240K, 100% used [0x03c00000, 0x04600000, 0x04600000)
  from space 1280K,  99% used [0x04600000, 0x0473ff38, 0x04740000)
  to   space 1280K,   0% used [0x04740000, 0x04740000, 0x04880000)
 tenured generation   total 25420K, used 20924K [0x19150000, 0x1aa23000, 0x43c00000)
   the space 25420K,  82% used [0x19150000, 0x1a5bf138, 0x1a5bf200, 0x1aa23000)
 Metaspace       used 29928K, capacity 30690K, committed 30720K, reserved 31104K
Event: 21.154 GC heap after
Heap after GC invocations=102 (full 3):
 def new generation   total 11520K, used 1180K [0x03c00000, 0x04880000, 0x19150000)
  eden space 10240K,   0% used [0x03c00000, 0x03c00000, 0x04600000)
  from space 1280K,  92% used [0x04740000, 0x04867340, 0x04880000)
  to   space 1280K,   0% used [0x04600000, 0x04600000, 0x04740000)
 tenured generation   total 25420K, used 21491K [0x19150000, 0x1aa23000, 0x43c00000)
   the space 25420K,  84% used [0x19150000, 0x1a64cf18, 0x1a64d000, 0x1aa23000)
 Metaspace       used 29928K, capacity 30690K, committed 30720K, reserved 31104K
}
Event: 21.334 GC heap before
{Heap before GC invocations=102 (full 3):
 def new generation   total 11520K, used 11420K [0x03c00000, 0x04880000, 0x19150000)
  eden space 10240K, 100% used [0x03c00000, 0x04600000, 0x04600000)
  from space 1280K,  92% used [0x04740000, 0x04867340, 0x04880000)
  to   space 1280K,   0% used [0x04600000, 0x04600000, 0x04740000)
 tenured generation   total 25420K, used 21491K [0x19150000, 0x1aa23000, 0x43c00000)
   the space 25420K,  84% used [0x19150000, 0x1a64cf18, 0x1a64d000, 0x1aa23000)
 Metaspace       used 30429K, capacity 31206K, committed 31232K, reserved 32128K
Event: 21.342 GC heap after
Heap after GC invocations=103 (full 3):
 def new generation   total 11520K, used 975K [0x03c00000, 0x04880000, 0x19150000)
  eden space 10240K,   0% used [0x03c00000, 0x03c00000, 0x04600000)
  from space 1280K,  76% used [0x04600000, 0x046f3ff0, 0x04740000)
  to   space 1280K,   0% used [0x04740000, 0x04740000, 0x04880000)
 tenured generation   total 25420K, used 22079K [0x19150000, 0x1aa23000, 0x43c00000)
   the space 25420K,  86% used [0x19150000, 0x1a6dfd78, 0x1a6dfe00, 0x1aa23000)
 Metaspace       used 30429K, capacity 31206K, committed 31232K, reserved 32128K
}

