# JRE version: Java(TM) SE Runtime Environment (8.0_111-b14) (build 1.8.0_111-b14)
# Java VM: Java HotSpot(TM) Client VM (25.111-b14 mixed mode windows-x86 )
Heap:
 def new generation   total 10112K, used 10112K [0x03c00000, 0x046f0000, 0x19150000)
  eden space 9024K, 100% used [0x03c00000, 0x044d0000, 0x044d0000)
  from space 1088K, 100% used [0x045e0000, 0x046f0000, 0x046f0000)
  to   space 1088K,  31% used [0x044d0000, 0x04526b38, 0x045e0000)
 tenured generation   total 22160K, used 13655K [0x19150000, 0x1a6f4000, 0x43c00000)
   the space 22160K,  61% used [0x19150000, 0x19ea5c00, 0x19ea5c00, 0x1a6f4000)
 Metaspace       used 25014K, capacity 25488K, committed 25600K, reserved 25984K
GC Heap History (10 events):
Event: 24.730 GC heap after
Heap after GC invocations=66 (full 2):
 def new generation   total 7616K, used 550K [0x03c00000, 0x04440000, 0x19150000)
  eden space 6784K,   0% used [0x03c00000, 0x03c00000, 0x042a0000)
  from space 832K,  66% used [0x04370000, 0x043f9ae0, 0x04440000)
  to   space 832K,   0% used [0x042a0000, 0x042a0000, 0x04370000)
 tenured generation   total 16776K, used 16048K [0x19150000, 0x1a1b2000, 0x43c00000)
   the space 16776K,  95% used [0x19150000, 0x1a0fc0e8, 0x1a0fc200, 0x1a1b2000)
 Metaspace       used 23425K, capacity 23896K, committed 23936K, reserved 23936K
}
Event: 24.875 GC heap before
{Heap before GC invocations=66 (full 2):
 def new generation   total 7616K, used 7334K [0x03c00000, 0x04440000, 0x19150000)
  eden space 6784K, 100% used [0x03c00000, 0x042a0000, 0x042a0000)
  from space 832K,  66% used [0x04370000, 0x043f9ae0, 0x04440000)
  to   space 832K,   0% used [0x042a0000, 0x042a0000, 0x04370000)
 tenured generation   total 16776K, used 16048K [0x19150000, 0x1a1b2000, 0x43c00000)
   the space 16776K,  95% used [0x19150000, 0x1a0fc0e8, 0x1a0fc200, 0x1a1b2000)
 Metaspace       used 23431K, capacity 23896K, committed 23936K, reserved 23936K
Event: 24.881 GC heap after
Heap after GC invocations=67 (full 2):
 def new generation   total 7616K, used 484K [0x03c00000, 0x04440000, 0x19150000)
  eden space 6784K,   0% used [0x03c00000, 0x03c00000, 0x042a0000)
  from space 832K,  58% used [0x042a0000, 0x04319168, 0x04370000)
  to   space 832K,   0% used [0x04370000, 0x04370000, 0x04440000)
 tenured generation   total 16776K, used 16323K [0x19150000, 0x1a1b2000, 0x43c00000)
   the space 16776K,  97% used [0x19150000, 0x1a140e50, 0x1a141000, 0x1a1b2000)
 Metaspace       used 23431K, capacity 23896K, committed 23936K, reserved 23936K
}
Event: 24.933 GC heap before
{Heap before GC invocations=67 (full 2):
 def new generation   total 7616K, used 7268K [0x03c00000, 0x04440000, 0x19150000)
  eden space 6784K, 100% used [0x03c00000, 0x042a0000, 0x042a0000)
  from space 832K,  58% used [0x042a0000, 0x04319168, 0x04370000)
  to   space 832K,   0% used [0x04370000, 0x04370000, 0x04440000)
 tenured generation   total 16776K, used 16323K [0x19150000, 0x1a1b2000, 0x43c00000)
   the space 16776K,  97% used [0x19150000, 0x1a140e50, 0x1a141000, 0x1a1b2000)
 Metaspace       used 23446K, capacity 23896K, committed 23936K, reserved 23936K
Event: 24.938 GC heap after
Heap after GC invocations=68 (full 2):
 def new generation   total 7616K, used 458K [0x03c00000, 0x04440000, 0x19150000)
  eden space 6784K,   0% used [0x03c00000, 0x03c00000, 0x042a0000)
  from space 832K,  55% used [0x04370000, 0x043e2bf8, 0x04440000)
  to   space 832K,   0% used [0x042a0000, 0x042a0000, 0x04370000)
 tenured generation   total 16776K, used 16576K [0x19150000, 0x1a1b2000, 0x43c00000)
   the space 16776K,  98% used [0x19150000, 0x1a180318, 0x1a180400, 0x1a1b2000)
 Metaspace       used 23446K, capacity 23896K, committed 23936K, reserved 23936K
}
Event: 25.001 GC heap before
{Heap before GC invocations=68 (full 2):
 def new generation   total 7616K, used 7242K [0x03c00000, 0x04440000, 0x19150000)
  eden space 6784K, 100% used [0x03c00000, 0x042a0000, 0x042a0000)
  from space 832K,  55% used [0x04370000, 0x043e2bf8, 0x04440000)
  to   space 832K,   0% used [0x042a0000, 0x042a0000, 0x04370000)
 tenured generation   total 16776K, used 16576K [0x19150000, 0x1a1b2000, 0x43c00000)
   the space 16776K,  98% used [0x19150000, 0x1a180318, 0x1a180400, 0x1a1b2000)
 Metaspace       used 23470K, capacity 23928K, committed 23936K, reserved 23936K
Event: 25.108 GC heap after
Heap after GC invocations=69 (full 3):
 def new generation   total 10112K, used 0K [0x03c00000, 0x046f0000, 0x19150000)
  eden space 9024K,   0% used [0x03c00000, 0x03c00000, 0x044d0000)
  from space 1088K,   0% used [0x044d0000, 0x044d0000, 0x045e0000)
  to   space 1088K,   0% used [0x045e0000, 0x045e0000, 0x046f0000)
 tenured generation   total 22160K, used 13295K [0x19150000, 0x1a6f4000, 0x43c00000)
   the space 22160K,  59% used [0x19150000, 0x19e4bfd0, 0x19e4c000, 0x1a6f4000)
 Metaspace       used 23438K, capacity 23890K, committed 23936K, reserved 23936K
}
Event: 25.880 GC heap before
{Heap before GC invocations=69 (full 3):
 def new generation   total 10112K, used 9024K [0x03c00000, 0x046f0000, 0x19150000)
  eden space 9024K, 100% used [0x03c00000, 0x044d0000, 0x044d0000)
  from space 1088K,   0% used [0x044d0000, 0x044d0000, 0x045e0000)
  to   space 1088K,   0% used [0x045e0000, 0x045e0000, 0x046f0000)
 tenured generation   total 22160K, used 13295K [0x19150000, 0x1a6f4000, 0x43c00000)
   the space 22160K,  59% used [0x19150000, 0x19e4bfd0, 0x19e4c000, 0x1a6f4000)
 Metaspace       used 24426K, capacity 24860K, committed 24960K, reserved 24960K
Event: 25.891 GC heap after
Heap after GC invocations=70 (full 3):
 def new generation   total 10112K, used 1088K [0x03c00000, 0x046f0000, 0x19150000)
  eden space 9024K,   0% used [0x03c00000, 0x03c00000, 0x044d0000)
  from space 1088K, 100% used [0x045e0000, 0x046f0000, 0x046f0000)
  to   space 1088K,   0% used [0x044d0000, 0x044d0000, 0x045e0000)
 tenured generation   total 22160K, used 13511K [0x19150000, 0x1a6f4000, 0x43c00000)
   the space 22160K,  60% used [0x19150000, 0x19e81e40, 0x19e82000, 0x1a6f4000)
 Metaspace       used 24426K, capacity 24860K, committed 24960K, reserved 24960K
}
Event: 26.375 GC heap before
{Heap before GC invocations=70 (full 3):
 def new generation   total 10112K, used 10112K [0x03c00000, 0x046f0000, 0x19150000)
  eden space 9024K, 100% used [0x03c00000, 0x044d0000, 0x044d0000)
  from space 1088K, 100% used [0x045e0000, 0x046f0000, 0x046f0000)
  to   space 1088K,   0% used [0x044d0000, 0x044d0000, 0x045e0000)
 tenured generation   total 22160K, used 13511K [0x19150000, 0x1a6f4000, 0x43c00000)
   the space 22160K,  60% used [0x19150000, 0x19e81e40, 0x19e82000, 0x1a6f4000)
 Metaspace       used 25014K, capacity 25488K, committed 25600K, reserved 25984K

