# JRE version: Java(TM) SE Runtime Environment (8.0_111-b14) (build 1.8.0_111-b14)
# Java VM: Java HotSpot(TM) Client VM (25.111-b14 mixed mode windows-x86 )
Heap:
 def new generation   total 12672K, used 10346K [0x03c00000, 0x049b0000, 0x19150000)
  eden space 11328K,  81% used [0x03c00000, 0x04510e50, 0x04710000)
  from space 1344K,  79% used [0x04860000, 0x04969b98, 0x049b0000)
  to   space 1344K,   0% used [0x04710000, 0x04710000, 0x04860000)
 tenured generation   total 27840K, used 23800K [0x19150000, 0x1ac80000, 0x43c00000)
   the space 27840K,  85% used [0x19150000, 0x1a88e0a0, 0x1a88e200, 0x1ac80000)
 Metaspace       used 30750K, capacity 31562K, committed 31616K, reserved 32128K
GC Heap History (10 events):
Event: 10.884 GC heap before
{Heap before GC invocations=95 (full 3):
 def new generation   total 12672K, used 11981K [0x03c00000, 0x049b0000, 0x19150000)
  eden space 11328K, 100% used [0x03c00000, 0x04710000, 0x04710000)
  from space 1344K,  48% used [0x04710000, 0x047b3508, 0x04860000)
  to   space 1344K,   0% used [0x04860000, 0x04860000, 0x049b0000)
 tenured generation   total 27840K, used 22075K [0x19150000, 0x1ac80000, 0x43c00000)
   the space 27840K,  79% used [0x19150000, 0x1a6dee10, 0x1a6df000, 0x1ac80000)
 Metaspace       used 28141K, capacity 28689K, committed 28800K, reserved 29056K
Event: 10.888 GC heap after
Heap after GC invocations=96 (full 3):
 def new generation   total 12672K, used 643K [0x03c00000, 0x049b0000, 0x19150000)
  eden space 11328K,   0% used [0x03c00000, 0x03c00000, 0x04710000)
  from space 1344K,  47% used [0x04860000, 0x04900e48, 0x049b0000)
  to   space 1344K,   0% used [0x04710000, 0x04710000, 0x04860000)
 tenured generation   total 27840K, used 22075K [0x19150000, 0x1ac80000, 0x43c00000)
   the space 27840K,  79% used [0x19150000, 0x1a6dee10, 0x1a6df000, 0x1ac80000)
 Metaspace       used 28141K, capacity 28689K, committed 28800K, reserved 29056K
}
Event: 11.008 GC heap before
{Heap before GC invocations=96 (full 3):
 def new generation   total 12672K, used 11971K [0x03c00000, 0x049b0000, 0x19150000)
  eden space 11328K, 100% used [0x03c00000, 0x04710000, 0x04710000)
  from space 1344K,  47% used [0x04860000, 0x04900e48, 0x049b0000)
  to   space 1344K,   0% used [0x04710000, 0x04710000, 0x04860000)
 tenured generation   total 27840K, used 22075K [0x19150000, 0x1ac80000, 0x43c00000)
   the space 27840K,  79% used [0x19150000, 0x1a6dee10, 0x1a6df000, 0x1ac80000)
 Metaspace       used 28372K, capacity 28913K, committed 29056K, reserved 29056K
Event: 11.013 GC heap after
Heap after GC invocations=97 (full 3):
 def new generation   total 12672K, used 781K [0x03c00000, 0x049b0000, 0x19150000)
  eden space 11328K,   0% used [0x03c00000, 0x03c00000, 0x04710000)
  from space 1344K,  58% used [0x04710000, 0x047d3538, 0x04860000)
  to   space 1344K,   0% used [0x04860000, 0x04860000, 0x049b0000)
 tenured generation   total 27840K, used 22075K [0x19150000, 0x1ac80000, 0x43c00000)
   the space 27840K,  79% used [0x19150000, 0x1a6dee10, 0x1a6df000, 0x1ac80000)
 Metaspace       used 28372K, capacity 28913K, committed 29056K, reserved 29056K
}
Event: 11.256 GC heap before
{Heap before GC invocations=97 (full 3):
 def new generation   total 12672K, used 12109K [0x03c00000, 0x049b0000, 0x19150000)
  eden space 11328K, 100% used [0x03c00000, 0x04710000, 0x04710000)
  from space 1344K,  58% used [0x04710000, 0x047d3538, 0x04860000)
  to   space 1344K,   0% used [0x04860000, 0x04860000, 0x049b0000)
 tenured generation   total 27840K, used 22075K [0x19150000, 0x1ac80000, 0x43c00000)
   the space 27840K,  79% used [0x19150000, 0x1a6dee10, 0x1a6df000, 0x1ac80000)
 Metaspace       used 29271K, capacity 29955K, committed 30080K, reserved 30080K
Event: 11.265 GC heap after
Heap after GC invocations=98 (full 3):
 def new generation   total 12672K, used 1343K [0x03c00000, 0x049b0000, 0x19150000)
  eden space 11328K,   0% used [0x03c00000, 0x03c00000, 0x04710000)
  from space 1344K,  99% used [0x04860000, 0x049afff8, 0x049b0000)
  to   space 1344K,   0% used [0x04710000, 0x04710000, 0x04860000)
 tenured generation   total 27840K, used 22589K [0x19150000, 0x1ac80000, 0x43c00000)
   the space 27840K,  81% used [0x19150000, 0x1a75f490, 0x1a75f600, 0x1ac80000)
 Metaspace       used 29271K, capacity 29955K, committed 30080K, reserved 30080K
}
Event: 11.500 GC heap before
{Heap before GC invocations=98 (full 3):
 def new generation   total 12672K, used 12671K [0x03c00000, 0x049b0000, 0x19150000)
  eden space 11328K, 100% used [0x03c00000, 0x04710000, 0x04710000)
  from space 1344K,  99% used [0x04860000, 0x049afff8, 0x049b0000)
  to   space 1344K,   0% used [0x04710000, 0x04710000, 0x04860000)
 tenured generation   total 27840K, used 22589K [0x19150000, 0x1ac80000, 0x43c00000)
   the space 27840K,  81% used [0x19150000, 0x1a75f490, 0x1a75f600, 0x1ac80000)
 Metaspace       used 29909K, capacity 30666K, committed 30720K, reserved 31104K
Event: 11.509 GC heap after
Heap after GC invocations=99 (full 3):
 def new generation   total 12672K, used 1273K [0x03c00000, 0x049b0000, 0x19150000)
  eden space 11328K,   0% used [0x03c00000, 0x03c00000, 0x04710000)
  from space 1344K,  94% used [0x04710000, 0x0484e610, 0x04860000)
  to   space 1344K,   0% used [0x04860000, 0x04860000, 0x049b0000)
 tenured generation   total 27840K, used 23143K [0x19150000, 0x1ac80000, 0x43c00000)
   the space 27840K,  83% used [0x19150000, 0x1a7e9fa8, 0x1a7ea000, 0x1ac80000)
 Metaspace       used 29909K, capacity 30666K, committed 30720K, reserved 31104K
}
Event: 11.681 GC heap before
{Heap before GC invocations=99 (full 3):
 def new generation   total 12672K, used 12601K [0x03c00000, 0x049b0000, 0x19150000)
  eden space 11328K, 100% used [0x03c00000, 0x04710000, 0x04710000)
  from space 1344K,  94% used [0x04710000, 0x0484e610, 0x04860000)
  to   space 1344K,   0% used [0x04860000, 0x04860000, 0x049b0000)
 tenured generation   total 27840K, used 23143K [0x19150000, 0x1ac80000, 0x43c00000)
   the space 27840K,  83% used [0x19150000, 0x1a7e9fa8, 0x1a7ea000, 0x1ac80000)
 Metaspace       used 30447K, capacity 31217K, committed 31232K, reserved 32128K
Event: 11.690 GC heap after
Heap after GC invocations=100 (full 3):
 def new generation   total 12672K, used 1062K [0x03c00000, 0x049b0000, 0x19150000)
  eden space 11328K,   0% used [0x03c00000, 0x03c00000, 0x04710000)
  from space 1344K,  79% used [0x04860000, 0x04969b98, 0x049b0000)
  to   space 1344K,   0% used [0x04710000, 0x04710000, 0x04860000)
 tenured generation   total 27840K, used 23800K [0x19150000, 0x1ac80000, 0x43c00000)
   the space 27840K,  85% used [0x19150000, 0x1a88e0a0, 0x1a88e200, 0x1ac80000)
 Metaspace       used 30447K, capacity 31217K, committed 31232K, reserved 32128K
}

