# JRE version: Java(TM) SE Runtime Environment (8.0_111-b14) (build 1.8.0_111-b14)
# Java VM: Java HotSpot(TM) Client VM (25.111-b14 mixed mode windows-x86 )
Heap:
 def new generation   total 38592K, used 12039K [0x03c00000, 0x065d0000, 0x19150000)
  eden space 34368K,  29% used [0x03c00000, 0x045bfd78, 0x05d90000)
  from space 4224K,  48% used [0x05d90000, 0x05f91fb8, 0x061b0000)
  to   space 4224K,   0% used [0x061b0000, 0x061b0000, 0x065d0000)
 tenured generation   total 85480K, used 65313K [0x19150000, 0x1e4ca000, 0x43c00000)
   the space 85480K,  76% used [0x19150000, 0x1d118650, 0x1d118800, 0x1e4ca000)
 Metaspace       used 43482K, capacity 45437K, committed 45696K, reserved 46464K
GC Heap History (10 events):
Event: 1906.925 GC heap before
{Heap before GC invocations=205 (full 8):
 def new generation   total 38592K, used 36745K [0x03c00000, 0x065d0000, 0x19150000)
  eden space 34368K, 100% used [0x03c00000, 0x05d90000, 0x05d90000)
  from space 4224K,  56% used [0x061b0000, 0x064027e0, 0x065d0000)
  to   space 4224K,   0% used [0x05d90000, 0x05d90000, 0x061b0000)
 tenured generation   total 85480K, used 57431K [0x19150000, 0x1e4ca000, 0x43c00000)
   the space 85480K,  67% used [0x19150000, 0x1c965e58, 0x1c966000, 0x1e4ca000)
 Metaspace       used 43432K, capacity 45355K, committed 45696K, reserved 46464K
Event: 1906.938 GC heap after
Heap after GC invocations=206 (full 8):
 def new generation   total 38592K, used 3019K [0x03c00000, 0x065d0000, 0x19150000)
  eden space 34368K,   0% used [0x03c00000, 0x03c00000, 0x05d90000)
  from space 4224K,  71% used [0x05d90000, 0x06082e00, 0x061b0000)
  to   space 4224K,   0% used [0x061b0000, 0x061b0000, 0x065d0000)
 tenured generation   total 85480K, used 57797K [0x19150000, 0x1e4ca000, 0x43c00000)
   the space 85480K,  67% used [0x19150000, 0x1c9c17c8, 0x1c9c1800, 0x1e4ca000)
 Metaspace       used 43432K, capacity 45355K, committed 45696K, reserved 46464K
}
Event: 1907.170 GC heap before
{Heap before GC invocations=206 (full 8):
 def new generation   total 38592K, used 37387K [0x03c00000, 0x065d0000, 0x19150000)
  eden space 34368K, 100% used [0x03c00000, 0x05d90000, 0x05d90000)
  from space 4224K,  71% used [0x05d90000, 0x06082e00, 0x061b0000)
  to   space 4224K,   0% used [0x061b0000, 0x061b0000, 0x065d0000)
 tenured generation   total 85480K, used 57797K [0x19150000, 0x1e4ca000, 0x43c00000)
   the space 85480K,  67% used [0x19150000, 0x1c9c17c8, 0x1c9c1800, 0x1e4ca000)
 Metaspace       used 43434K, capacity 45358K, committed 45696K, reserved 46464K
Event: 1907.182 GC heap after
Heap after GC invocations=207 (full 8):
 def new generation   total 38592K, used 2260K [0x03c00000, 0x065d0000, 0x19150000)
  eden space 34368K,   0% used [0x03c00000, 0x03c00000, 0x05d90000)
  from space 4224K,  53% used [0x061b0000, 0x063e53a0, 0x065d0000)
  to   space 4224K,   0% used [0x05d90000, 0x05d90000, 0x061b0000)
 tenured generation   total 85480K, used 59039K [0x19150000, 0x1e4ca000, 0x43c00000)
   the space 85480K,  69% used [0x19150000, 0x1caf7dc8, 0x1caf7e00, 0x1e4ca000)
 Metaspace       used 43434K, capacity 45358K, committed 45696K, reserved 46464K
}
Event: 1907.555 GC heap before
{Heap before GC invocations=207 (full 8):
 def new generation   total 38592K, used 36628K [0x03c00000, 0x065d0000, 0x19150000)
  eden space 34368K, 100% used [0x03c00000, 0x05d90000, 0x05d90000)
  from space 4224K,  53% used [0x061b0000, 0x063e53a0, 0x065d0000)
  to   space 4224K,   0% used [0x05d90000, 0x05d90000, 0x061b0000)
 tenured generation   total 85480K, used 59039K [0x19150000, 0x1e4ca000, 0x43c00000)
   the space 85480K,  69% used [0x19150000, 0x1caf7dc8, 0x1caf7e00, 0x1e4ca000)
 Metaspace       used 43460K, capacity 45425K, committed 45696K, reserved 46464K
Event: 1907.570 GC heap after
Heap after GC invocations=208 (full 8):
 def new generation   total 38592K, used 2533K [0x03c00000, 0x065d0000, 0x19150000)
  eden space 34368K,   0% used [0x03c00000, 0x03c00000, 0x05d90000)
  from space 4224K,  59% used [0x05d90000, 0x060096a8, 0x061b0000)
  to   space 4224K,   0% used [0x061b0000, 0x061b0000, 0x065d0000)
 tenured generation   total 85480K, used 59609K [0x19150000, 0x1e4ca000, 0x43c00000)
   the space 85480K,  69% used [0x19150000, 0x1cb86508, 0x1cb86600, 0x1e4ca000)
 Metaspace       used 43460K, capacity 45425K, committed 45696K, reserved 46464K
}
Event: 1908.262 GC heap before
{Heap before GC invocations=208 (full 8):
 def new generation   total 38592K, used 36901K [0x03c00000, 0x065d0000, 0x19150000)
  eden space 34368K, 100% used [0x03c00000, 0x05d90000, 0x05d90000)
  from space 4224K,  59% used [0x05d90000, 0x060096a8, 0x061b0000)
  to   space 4224K,   0% used [0x061b0000, 0x061b0000, 0x065d0000)
 tenured generation   total 85480K, used 59609K [0x19150000, 0x1e4ca000, 0x43c00000)
   the space 85480K,  69% used [0x19150000, 0x1cb86508, 0x1cb86600, 0x1e4ca000)
 Metaspace       used 43462K, capacity 45427K, committed 45696K, reserved 46464K
Event: 1908.291 GC heap after
Heap after GC invocations=209 (full 8):
 def new generation   total 38592K, used 4224K [0x03c00000, 0x065d0000, 0x19150000)
  eden space 34368K,   0% used [0x03c00000, 0x03c00000, 0x05d90000)
  from space 4224K, 100% used [0x061b0000, 0x065d0000, 0x065d0000)
  to   space 4224K,   0% used [0x05d90000, 0x05d90000, 0x061b0000)
 tenured generation   total 85480K, used 62363K [0x19150000, 0x1e4ca000, 0x43c00000)
   the space 85480K,  72% used [0x19150000, 0x1ce36d98, 0x1ce36e00, 0x1e4ca000)
 Metaspace       used 43462K, capacity 45427K, committed 45696K, reserved 46464K
}
Event: 1908.808 GC heap before
{Heap before GC invocations=209 (full 8):
 def new generation   total 38592K, used 38592K [0x03c00000, 0x065d0000, 0x19150000)
  eden space 34368K, 100% used [0x03c00000, 0x05d90000, 0x05d90000)
  from space 4224K, 100% used [0x061b0000, 0x065d0000, 0x065d0000)
  to   space 4224K,   0% used [0x05d90000, 0x05d90000, 0x061b0000)
 tenured generation   total 85480K, used 62363K [0x19150000, 0x1e4ca000, 0x43c00000)
   the space 85480K,  72% used [0x19150000, 0x1ce36d98, 0x1ce36e00, 0x1e4ca000)
 Metaspace       used 43482K, capacity 45437K, committed 45696K, reserved 46464K
Event: 1908.828 GC heap after
Heap after GC invocations=210 (full 8):
 def new generation   total 38592K, used 2055K [0x03c00000, 0x065d0000, 0x19150000)
  eden space 34368K,   0% used [0x03c00000, 0x03c00000, 0x05d90000)
  from space 4224K,  48% used [0x05d90000, 0x05f91fb8, 0x061b0000)
  to   space 4224K,   0% used [0x061b0000, 0x061b0000, 0x065d0000)
 tenured generation   total 85480K, used 65313K [0x19150000, 0x1e4ca000, 0x43c00000)
   the space 85480K,  76% used [0x19150000, 0x1d118650, 0x1d118800, 0x1e4ca000)
 Metaspace       used 43482K, capacity 45437K, committed 45696K, reserved 46464K
}

