# JRE version: Java(TM) SE Runtime Environment (8.0_111-b14) (build 1.8.0_111-b14)
# Java VM: Java HotSpot(TM) Client VM (25.111-b14 mixed mode windows-x86 )
Heap:
 def new generation   total 38592K, used 36470K [0x04000000, 0x069e0000, 0x19550000)
  eden space 34304K,  98% used [0x04000000, 0x060fa9a0, 0x06180000)
  from space 4288K,  62% used [0x06180000, 0x06423058, 0x065b0000)
  to   space 4288K,   0% used [0x065b0000, 0x065b0000, 0x069e0000)
 tenured generation   total 85488K, used 58911K [0x19550000, 0x1e8cc000, 0x44000000)
   the space 85488K,  68% used [0x19550000, 0x1ced7f20, 0x1ced8000, 0x1e8cc000)
 Metaspace       used 40956K, capacity 42485K, committed 42496K, reserved 43392K
GC Heap History (10 events):
Event: 110.183 GC heap before
{Heap before GC invocations=142 (full 6):
 def new generation   total 38592K, used 37753K [0x04000000, 0x069e0000, 0x19550000)
  eden space 34304K, 100% used [0x04000000, 0x06180000, 0x06180000)
  from space 4288K,  80% used [0x065b0000, 0x0690e7a0, 0x069e0000)
  to   space 4288K,   0% used [0x06180000, 0x06180000, 0x065b0000)
 tenured generation   total 85488K, used 51291K [0x19550000, 0x1e8cc000, 0x44000000)
   the space 85488K,  59% used [0x19550000, 0x1c766e88, 0x1c767000, 0x1e8cc000)
 Metaspace       used 40685K, capacity 42108K, committed 42368K, reserved 42368K
Event: 110.197 GC heap after
Heap after GC invocations=143 (full 6):
 def new generation   total 38592K, used 694K [0x04000000, 0x069e0000, 0x19550000)
  eden space 34304K,   0% used [0x04000000, 0x04000000, 0x06180000)
  from space 4288K,  16% used [0x06180000, 0x0622d9e8, 0x065b0000)
  to   space 4288K,   0% used [0x065b0000, 0x065b0000, 0x069e0000)
 tenured generation   total 85488K, used 53007K [0x19550000, 0x1e8cc000, 0x44000000)
   the space 85488K,  62% used [0x19550000, 0x1c913e28, 0x1c914000, 0x1e8cc000)
 Metaspace       used 40685K, capacity 42108K, committed 42368K, reserved 42368K
}
Event: 110.745 GC heap before
{Heap before GC invocations=143 (full 6):
 def new generation   total 38592K, used 34998K [0x04000000, 0x069e0000, 0x19550000)
  eden space 34304K, 100% used [0x04000000, 0x06180000, 0x06180000)
  from space 4288K,  16% used [0x06180000, 0x0622d9e8, 0x065b0000)
  to   space 4288K,   0% used [0x065b0000, 0x065b0000, 0x069e0000)
 tenured generation   total 85488K, used 53007K [0x19550000, 0x1e8cc000, 0x44000000)
   the space 85488K,  62% used [0x19550000, 0x1c913e28, 0x1c914000, 0x1e8cc000)
 Metaspace       used 40761K, capacity 42188K, committed 42368K, reserved 42368K
Event: 110.753 GC heap after
Heap after GC invocations=144 (full 6):
 def new generation   total 38592K, used 1116K [0x04000000, 0x069e0000, 0x19550000)
  eden space 34304K,   0% used [0x04000000, 0x04000000, 0x06180000)
  from space 4288K,  26% used [0x065b0000, 0x066c72d8, 0x069e0000)
  to   space 4288K,   0% used [0x06180000, 0x06180000, 0x065b0000)
 tenured generation   total 85488K, used 53007K [0x19550000, 0x1e8cc000, 0x44000000)
   the space 85488K,  62% used [0x19550000, 0x1c913e28, 0x1c914000, 0x1e8cc000)
 Metaspace       used 40761K, capacity 42188K, committed 42368K, reserved 42368K
}
Event: 111.061 GC heap before
{Heap before GC invocations=144 (full 6):
 def new generation   total 38592K, used 35420K [0x04000000, 0x069e0000, 0x19550000)
  eden space 34304K, 100% used [0x04000000, 0x06180000, 0x06180000)
  from space 4288K,  26% used [0x065b0000, 0x066c72d8, 0x069e0000)
  to   space 4288K,   0% used [0x06180000, 0x06180000, 0x065b0000)
 tenured generation   total 85488K, used 53007K [0x19550000, 0x1e8cc000, 0x44000000)
   the space 85488K,  62% used [0x19550000, 0x1c913e28, 0x1c914000, 0x1e8cc000)
 Metaspace       used 40761K, capacity 42188K, committed 42368K, reserved 42368K
Event: 111.092 GC heap after
Heap after GC invocations=145 (full 6):
 def new generation   total 38592K, used 4288K [0x04000000, 0x069e0000, 0x19550000)
  eden space 34304K,   0% used [0x04000000, 0x04000000, 0x06180000)
  from space 4288K, 100% used [0x06180000, 0x065b0000, 0x065b0000)
  to   space 4288K,   0% used [0x065b0000, 0x065b0000, 0x069e0000)
 tenured generation   total 85488K, used 55044K [0x19550000, 0x1e8cc000, 0x44000000)
   the space 85488K,  64% used [0x19550000, 0x1cb11088, 0x1cb11200, 0x1e8cc000)
 Metaspace       used 40761K, capacity 42188K, committed 42368K, reserved 42368K
}
Event: 113.717 GC heap before
{Heap before GC invocations=145 (full 6):
 def new generation   total 38592K, used 38592K [0x04000000, 0x069e0000, 0x19550000)
  eden space 34304K, 100% used [0x04000000, 0x06180000, 0x06180000)
  from space 4288K, 100% used [0x06180000, 0x065b0000, 0x065b0000)
  to   space 4288K,   0% used [0x065b0000, 0x065b0000, 0x069e0000)
 tenured generation   total 85488K, used 55044K [0x19550000, 0x1e8cc000, 0x44000000)
   the space 85488K,  64% used [0x19550000, 0x1cb11088, 0x1cb11200, 0x1e8cc000)
 Metaspace       used 40761K, capacity 42188K, committed 42368K, reserved 42368K
Event: 113.739 GC heap after
Heap after GC invocations=146 (full 6):
 def new generation   total 38592K, used 867K [0x04000000, 0x069e0000, 0x19550000)
  eden space 34304K,   0% used [0x04000000, 0x04000000, 0x06180000)
  from space 4288K,  20% used [0x065b0000, 0x06688c90, 0x069e0000)
  to   space 4288K,   0% used [0x06180000, 0x06180000, 0x065b0000)
 tenured generation   total 85488K, used 58911K [0x19550000, 0x1e8cc000, 0x44000000)
   the space 85488K,  68% used [0x19550000, 0x1ced7f20, 0x1ced8000, 0x1e8cc000)
 Metaspace       used 40761K, capacity 42188K, committed 42368K, reserved 42368K
}
Event: 556.971 GC heap before
{Heap before GC invocations=146 (full 6):
 def new generation   total 38592K, used 35171K [0x04000000, 0x069e0000, 0x19550000)
  eden space 34304K, 100% used [0x04000000, 0x06180000, 0x06180000)
  from space 4288K,  20% used [0x065b0000, 0x06688c90, 0x069e0000)
  to   space 4288K,   0% used [0x06180000, 0x06180000, 0x065b0000)
 tenured generation   total 85488K, used 58911K [0x19550000, 0x1e8cc000, 0x44000000)
   the space 85488K,  68% used [0x19550000, 0x1ced7f20, 0x1ced8000, 0x1e8cc000)
 Metaspace       used 40956K, capacity 42485K, committed 42496K, reserved 43392K
Event: 556.997 GC heap after
Heap after GC invocations=147 (full 6):
 def new generation   total 38592K, used 2700K [0x04000000, 0x069e0000, 0x19550000)
  eden space 34304K,   0% used [0x04000000, 0x04000000, 0x06180000)
  from space 4288K,  62% used [0x06180000, 0x06423058, 0x065b0000)
  to   space 4288K,   0% used [0x065b0000, 0x065b0000, 0x069e0000)
 tenured generation   total 85488K, used 58911K [0x19550000, 0x1e8cc000, 0x44000000)
   the space 85488K,  68% used [0x19550000, 0x1ced7f20, 0x1ced8000, 0x1e8cc000)
 Metaspace       used 40956K, capacity 42485K, committed 42496K, reserved 43392K
}

