# JRE version: Java(TM) SE Runtime Environment (8.0_111-b14) (build 1.8.0_111-b14)
# Java VM: Java HotSpot(TM) Client VM (25.111-b14 mixed mode windows-x86 )
Heap:
 def new generation   total 68992K, used 7616K [0x03e00000, 0x088d0000, 0x19350000)
  eden space 61376K,   0% used [0x03e00000, 0x03e00000, 0x079f0000)
  from space 7616K, 100% used [0x079f0000, 0x08160000, 0x08160000)
  to   space 7616K,   0% used [0x08160000, 0x08160000, 0x088d0000)
 tenured generation   total 157448K, used 157357K [0x19350000, 0x22d12000, 0x43e00000)
   the space 157448K,  99% used [0x19350000, 0x22cfb730, 0x22cfb800, 0x22d12000)
 Metaspace       used 48895K, capacity 51599K, committed 51712K, reserved 52608K
GC Heap History (10 events):
Event: 9424.007 GC heap after
Heap after GC invocations=254 (full 12):
 def new generation   total 68992K, used 4902K [0x03e00000, 0x088d0000, 0x19350000)
  eden space 61376K,   0% used [0x03e00000, 0x03e00000, 0x079f0000)
  from space 7616K,  64% used [0x08160000, 0x08629a10, 0x088d0000)
  to   space 7616K,   0% used [0x079f0000, 0x079f0000, 0x08160000)
 tenured generation   total 152968K, used 95287K [0x19350000, 0x228b2000, 0x43e00000)
   the space 152968K,  62% used [0x19350000, 0x1f05dea0, 0x1f05e000, 0x228b2000)
 Metaspace       used 48443K, capacity 51091K, committed 51200K, reserved 51584K
}
Event: 9432.581 GC heap before
{Heap before GC invocations=254 (full 12):
 def new generation   total 68992K, used 66278K [0x03e00000, 0x088d0000, 0x19350000)
  eden space 61376K, 100% used [0x03e00000, 0x079f0000, 0x079f0000)
  from space 7616K,  64% used [0x08160000, 0x08629a10, 0x088d0000)
  to   space 7616K,   0% used [0x079f0000, 0x079f0000, 0x08160000)
 tenured generation   total 152968K, used 95287K [0x19350000, 0x228b2000, 0x43e00000)
   the space 152968K,  62% used [0x19350000, 0x1f05dea0, 0x1f05e000, 0x228b2000)
 Metaspace       used 48499K, capacity 51176K, committed 51200K, reserved 51584K
Event: 9432.649 GC heap after
Heap after GC invocations=255 (full 12):
 def new generation   total 68992K, used 7616K [0x03e00000, 0x088d0000, 0x19350000)
  eden space 61376K,   0% used [0x03e00000, 0x03e00000, 0x079f0000)
  from space 7616K, 100% used [0x079f0000, 0x08160000, 0x08160000)
  to   space 7616K,   0% used [0x08160000, 0x08160000, 0x088d0000)
 tenured generation   total 152968K, used 100829K [0x19350000, 0x228b2000, 0x43e00000)
   the space 152968K,  65% used [0x19350000, 0x1f5c7620, 0x1f5c7800, 0x228b2000)
 Metaspace       used 48499K, capacity 51176K, committed 51200K, reserved 51584K
}
Event: 9459.507 GC heap before
{Heap before GC invocations=255 (full 12):
 def new generation   total 68992K, used 68992K [0x03e00000, 0x088d0000, 0x19350000)
  eden space 61376K, 100% used [0x03e00000, 0x079f0000, 0x079f0000)
  from space 7616K, 100% used [0x079f0000, 0x08160000, 0x08160000)
  to   space 7616K,   0% used [0x08160000, 0x08160000, 0x088d0000)
 tenured generation   total 152968K, used 100829K [0x19350000, 0x228b2000, 0x43e00000)
   the space 152968K,  65% used [0x19350000, 0x1f5c7620, 0x1f5c7800, 0x228b2000)
 Metaspace       used 48505K, capacity 51181K, committed 51200K, reserved 51584K
Event: 9459.552 GC heap after
Heap after GC invocations=256 (full 12):
 def new generation   total 68992K, used 4149K [0x03e00000, 0x088d0000, 0x19350000)
  eden space 61376K,   0% used [0x03e00000, 0x03e00000, 0x079f0000)
  from space 7616K,  54% used [0x08160000, 0x0856d440, 0x088d0000)
  to   space 7616K,   0% used [0x079f0000, 0x079f0000, 0x08160000)
 tenured generation   total 152968K, used 105593K [0x19350000, 0x228b2000, 0x43e00000)
   the space 152968K,  69% used [0x19350000, 0x1fa6e7d8, 0x1fa6e800, 0x228b2000)
 Metaspace       used 48505K, capacity 51181K, committed 51200K, reserved 51584K
}
Event: 9460.514 GC heap before
{Heap before GC invocations=256 (full 12):
 def new generation   total 68992K, used 65525K [0x03e00000, 0x088d0000, 0x19350000)
  eden space 61376K, 100% used [0x03e00000, 0x079f0000, 0x079f0000)
  from space 7616K,  54% used [0x08160000, 0x0856d440, 0x088d0000)
  to   space 7616K,   0% used [0x079f0000, 0x079f0000, 0x08160000)
 tenured generation   total 152968K, used 105593K [0x19350000, 0x228b2000, 0x43e00000)
   the space 152968K,  69% used [0x19350000, 0x1fa6e7d8, 0x1fa6e800, 0x228b2000)
 Metaspace       used 48505K, capacity 51181K, committed 51200K, reserved 51584K
Event: 9460.598 GC heap after
Heap after GC invocations=257 (full 12):
 def new generation   total 68992K, used 7616K [0x03e00000, 0x088d0000, 0x19350000)
  eden space 61376K,   0% used [0x03e00000, 0x03e00000, 0x079f0000)
  from space 7616K, 100% used [0x079f0000, 0x08160000, 0x08160000)
  to   space 7616K,   0% used [0x08160000, 0x08160000, 0x088d0000)
 tenured generation   total 152968K, used 119130K [0x19350000, 0x228b2000, 0x43e00000)
   the space 152968K,  77% used [0x19350000, 0x207a6a00, 0x207a6a00, 0x228b2000)
 Metaspace       used 48505K, capacity 51181K, committed 51200K, reserved 51584K
}
Event: 9461.356 GC heap before
{Heap before GC invocations=257 (full 12):
 def new generation   total 68992K, used 68992K [0x03e00000, 0x088d0000, 0x19350000)
  eden space 61376K, 100% used [0x03e00000, 0x079f0000, 0x079f0000)
  from space 7616K, 100% used [0x079f0000, 0x08160000, 0x08160000)
  to   space 7616K,   0% used [0x08160000, 0x08160000, 0x088d0000)
 tenured generation   total 152968K, used 119130K [0x19350000, 0x228b2000, 0x43e00000)
   the space 152968K,  77% used [0x19350000, 0x207a6a00, 0x207a6a00, 0x228b2000)
 Metaspace       used 48893K, capacity 51599K, committed 51712K, reserved 52608K
Event: 9461.467 GC heap after
Heap after GC invocations=258 (full 12):
 def new generation   total 68992K, used 7616K [0x03e00000, 0x088d0000, 0x19350000)
  eden space 61376K,   0% used [0x03e00000, 0x03e00000, 0x079f0000)
  from space 7616K, 100% used [0x08160000, 0x088d0000, 0x088d0000)
  to   space 7616K,   0% used [0x079f0000, 0x079f0000, 0x08160000)
 tenured generation   total 152968K, used 135352K [0x19350000, 0x228b2000, 0x43e00000)
   the space 152968K,  88% used [0x19350000, 0x2177e358, 0x2177e400, 0x228b2000)
 Metaspace       used 48893K, capacity 51599K, committed 51712K, reserved 52608K
}
Event: 9462.243 GC heap before
{Heap before GC invocations=258 (full 12):
 def new generation   total 68992K, used 68992K [0x03e00000, 0x088d0000, 0x19350000)
  eden space 61376K, 100% used [0x03e00000, 0x079f0000, 0x079f0000)
  from space 7616K, 100% used [0x08160000, 0x088d0000, 0x088d0000)
  to   space 7616K,   0% used [0x079f0000, 0x079f0000, 0x08160000)
 tenured generation   total 152968K, used 135352K [0x19350000, 0x228b2000, 0x43e00000)
   the space 152968K,  88% used [0x19350000, 0x2177e358, 0x2177e400, 0x228b2000)
 Metaspace       used 48895K, capacity 51599K, committed 51712K, reserved 52608K

